Thu Jun 21 2018 13:51:29 GMT-0400 (Eastern Daylight Time): GET /about
Thu Jun 21 2018 13:51:31 GMT-0400 (Eastern Daylight Time): GET /home
Thu Jun 21 2018 13:51:32 GMT-0400 (Eastern Daylight Time): GET /about
Thu Jun 21 2018 13:57:06 GMT-0400 (Eastern Daylight Time): GET /about
Thu Jun 21 2018 13:57:48 GMT-0400 (Eastern Daylight Time): GET /about
Thu Jun 21 2018 13:57:58 GMT-0400 (Eastern Daylight Time): GET /home
Thu Jun 21 2018 13:58:12 GMT-0400 (Eastern Daylight Time): GET /
Thu Jun 21 2018 14:00:07 GMT-0400 (Eastern Daylight Time): GET /help.html
Thu Jun 21 2018 14:00:14 GMT-0400 (Eastern Daylight Time): GET /help.html
Thu Jun 21 2018 14:00:18 GMT-0400 (Eastern Daylight Time): GET /
Thu Jun 21 2018 14:00:39 GMT-0400 (Eastern Daylight Time): GET /home
Thu Jun 21 2018 14:56:46 GMT-0400 (Eastern Daylight Time): GET /
Thu Jun 21 2018 14:56:50 GMT-0400 (Eastern Daylight Time): GET /home
Thu Jun 21 2018 14:57:15 GMT-0400 (Eastern Daylight Time): GET /home
Thu Jun 21 2018 14:57:18 GMT-0400 (Eastern Daylight Time): GET /home
Thu Jun 21 2018 14:57:20 GMT-0400 (Eastern Daylight Time): GET /
Thu Jun 21 2018 14:57:22 GMT-0400 (Eastern Daylight Time): GET /home
Thu Jun 21 2018 14:57:52 GMT-0400 (Eastern Daylight Time): GET /
Thu Jun 21 2018 14:57:55 GMT-0400 (Eastern Daylight Time): GET /
Thu Jun 21 2018 14:57:55 GMT-0400 (Eastern Daylight Time): GET /about
Thu Jun 21 2018 14:57:56 GMT-0400 (Eastern Daylight Time): GET /
Thu Jun 21 2018 15:37:14 GMT-0400 (Eastern Daylight Time): GET /
Thu Jun 21 2018 15:37:16 GMT-0400 (Eastern Daylight Time): GET /
Thu Jun 21 2018 15:37:33 GMT-0400 (Eastern Daylight Time): GET /
Thu Jun 21 2018 15:37:35 GMT-0400 (Eastern Daylight Time): GET /projects
Thu Jun 21 2018 15:39:04 GMT-0400 (Eastern Daylight Time): GET /projects
Thu Jun 21 2018 15:39:05 GMT-0400 (Eastern Daylight Time): GET /projects
Thu Jun 21 2018 15:39:06 GMT-0400 (Eastern Daylight Time): GET /
Thu Jun 21 2018 15:39:06 GMT-0400 (Eastern Daylight Time): GET /about
Thu Jun 21 2018 15:39:08 GMT-0400 (Eastern Daylight Time): GET /projects
Thu Jun 21 2018 15:39:39 GMT-0400 (Eastern Daylight Time): GET /projects
Thu Jun 21 2018 15:39:41 GMT-0400 (Eastern Daylight Time): GET /projects
Thu Jun 21 2018 15:39:42 GMT-0400 (Eastern Daylight Time): GET /
Thu Jun 21 2018 15:39:43 GMT-0400 (Eastern Daylight Time): GET /projects
Thu Jun 21 2018 15:39:43 GMT-0400 (Eastern Daylight Time): GET /about
Thu Jun 21 2018 15:39:55 GMT-0400 (Eastern Daylight Time): GET /
Thu Jun 21 2018 15:39:55 GMT-0400 (Eastern Daylight Time): GET /projects
Thu Jun 21 2018 15:40:51 GMT-0400 (Eastern Daylight Time): GET /projects
Thu Jun 21 2018 15:40:57 GMT-0400 (Eastern Daylight Time): GET /
Thu Jun 21 2018 15:40:57 GMT-0400 (Eastern Daylight Time): GET /projects
Thu Jun 21 2018 15:40:58 GMT-0400 (Eastern Daylight Time): GET /about
Thu Jun 21 2018 15:40:58 GMT-0400 (Eastern Daylight Time): GET /projects
Thu Jun 21 2018 15:40:58 GMT-0400 (Eastern Daylight Time): GET /
Thu Jun 21 2018 15:41:41 GMT-0400 (Eastern Daylight Time): GET /projects
Thu Jun 21 2018 15:41:43 GMT-0400 (Eastern Daylight Time): GET /about
Thu Jun 21 2018 15:41:44 GMT-0400 (Eastern Daylight Time): GET /
Thu Jun 21 2018 15:41:45 GMT-0400 (Eastern Daylight Time): GET /projects
Thu Jun 21 2018 15:54:43 GMT-0400 (Eastern Daylight Time): GET /projects
Thu Jun 21 2018 15:54:45 GMT-0400 (Eastern Daylight Time): GET /
Thu Jun 21 2018 15:54:45 GMT-0400 (Eastern Daylight Time): GET /projects
Thu Jun 21 2018 15:54:46 GMT-0400 (Eastern Daylight Time): GET /about
